<?xml version="1.0" encoding="UTF-8"?>
<!-- Generated by org.testng.reporters.JUnitXMLReporter -->
<testsuite hostname="DESKTOP-KG1G495" ignored="0" name="Default test" tests="3" failures="0" timestamp="23 Mar 2019 04:08:44 GMT" time="18.904" errors="0">
  <testcase name="LoadBrwser" time="11.951" classname="testCases.TC_01_BrowserLooadTest"/>
  <testcase name="LoginProcess" time="3.376" classname="testCases.TC_01_BrowserLooadTest"/>
  <testcase name="Flight_Finding" time="3.468" classname="testCases.TC_01_BrowserLooadTest"/>
</testsuite> <!-- Default test -->
