<?xml version="1.0" encoding="UTF-8"?>
<!-- Generated by org.testng.reporters.JUnitXMLReporter -->
<testsuite hostname="DESKTOP-KG1G495" ignored="0" name="Test1" tests="3" failures="0" timestamp="23 Mar 2019 05:07:10 GMT" time="16.035" errors="0">
  <testcase name="LoadBrwser" time="9.492" classname="testCases.TC_01_BrowserLooadTest"/>
  <testcase name="LoginProcess" time="4.517" classname="testCases.TC_01_BrowserLooadTest"/>
  <testcase name="Flight_Finding" time="2.009" classname="testCases.TC_01_BrowserLooadTest"/>
</testsuite> <!-- Test1 -->
