<?xml version="1.0" encoding="UTF-8"?>
<testng-results skipped="0" failed="0" ignored="0" total="10" passed="10">
  <reporter-output>
  </reporter-output>
  <suite name="Suite" duration-ms="49420" started-at="2019-03-23T05:06:20Z" finished-at="2019-03-23T05:07:10Z">
    <groups>
      <group name="Smoke">
        <method signature="Tc_DataFromEXCEL.LoadBrowser()[pri:0, instance:testCases.Tc_DataFromEXCEL@5622fdf]" name="LoadBrowser" class="testCases.Tc_DataFromEXCEL"/>
        <method signature="Tc_DataFromEXCEL.LoadingURLFromEXCEL(java.lang.String)[pri:1, instance:testCases.Tc_DataFromEXCEL@5622fdf]" name="LoadingURLFromEXCEL" class="testCases.Tc_DataFromEXCEL"/>
        <method signature="Tc_DataFromEXCEL.quitAll()[pri:6, instance:testCases.Tc_DataFromEXCEL@5622fdf]" name="quitAll" class="testCases.Tc_DataFromEXCEL"/>
      </group> <!-- Smoke -->
    </groups>
    <test name="Test" duration-ms="33345" started-at="2019-03-23T05:06:20Z" finished-at="2019-03-23T05:06:53Z">
      <class name="testCases.Tc_DataFromEXCEL">
        <test-method status="PASS" signature="LoadBrowser()[pri:0, instance:testCases.Tc_DataFromEXCEL@5622fdf]" name="LoadBrowser" duration-ms="3473" started-at="2019-03-23T10:36:20Z" finished-at="2019-03-23T10:36:24Z">
          <reporter-output>
          </reporter-output>
        </test-method> <!-- LoadBrowser -->
        <test-method status="PASS" signature="LoadingURLFromEXCEL(java.lang.String)[pri:1, instance:testCases.Tc_DataFromEXCEL@5622fdf]" name="LoadingURLFromEXCEL" duration-ms="4231" started-at="2019-03-23T10:36:24Z" data-provider="ExcelLoadURL" finished-at="2019-03-23T10:36:29Z">
          <params>
            <param index="0">
              <value>
                <![CDATA[http://newtours.demoaut.com/]]>
              </value>
            </param>
          </params>
          <reporter-output>
          </reporter-output>
        </test-method> <!-- LoadingURLFromEXCEL -->
        <test-method status="PASS" signature="LoginToApp(java.lang.String, java.lang.String)[pri:2, instance:testCases.Tc_DataFromEXCEL@5622fdf]" name="LoginToApp" duration-ms="4673" started-at="2019-03-23T10:36:29Z" data-provider="ExcelLogin" finished-at="2019-03-23T10:36:33Z">
          <params>
            <param index="0">
              <value>
                <![CDATA[akshaymarathe31]]>
              </value>
            </param>
            <param index="1">
              <value>
                <![CDATA[akshaymarathe]]>
              </value>
            </param>
          </params>
          <reporter-output>
          </reporter-output>
        </test-method> <!-- LoginToApp -->
        <test-method status="PASS" signature="Flight_Details()[pri:3, instance:testCases.Tc_DataFromEXCEL@5622fdf]" name="Flight_Details" duration-ms="1661" started-at="2019-03-23T10:36:33Z" finished-at="2019-03-23T10:36:35Z">
          <reporter-output>
          </reporter-output>
        </test-method> <!-- Flight_Details -->
        <test-method status="PASS" signature="SelectingFlights()[pri:4, instance:testCases.Tc_DataFromEXCEL@5622fdf]" name="SelectingFlights" duration-ms="1738" started-at="2019-03-23T10:36:35Z" finished-at="2019-03-23T10:36:37Z">
          <reporter-output>
          </reporter-output>
        </test-method> <!-- SelectingFlights -->
        <test-method status="PASS" signature="PassengerDetails(java.lang.String, java.lang.String, java.lang.String, java.lang.String, java.lang.String, java.lang.String, java.lang.String, java.lang.String, java.lang.String, java.lang.String)[pri:5, instance:testCases.Tc_DataFromEXCEL@5622fdf]" name="PassengerDetails" duration-ms="15785" started-at="2019-03-23T10:36:37Z" data-provider="PassengerDetails" finished-at="2019-03-23T10:36:53Z">
          <params>
            <param index="0">
              <value>
                <![CDATA[akky]]>
              </value>
            </param>
            <param index="1">
              <value>
                <![CDATA[rocky]]>
              </value>
            </param>
            <param index="2">
              <value>
                <![CDATA[CNumber]]>
              </value>
            </param>
            <param index="3">
              <value>
                <![CDATA[Cname]]>
              </value>
            </param>
            <param index="4">
              <value>
                <![CDATA[Clast]]>
              </value>
            </param>
            <param index="5">
              <value>
                <![CDATA[wakad]]>
              </value>
            </param>
            <param index="6">
              <value>
                <![CDATA[Pune]]>
              </value>
            </param>
            <param index="7">
              <value>
                <![CDATA[MA]]>
              </value>
            </param>
            <param index="8">
              <value>
                <![CDATA[Pin]]>
              </value>
            </param>
            <param index="9">
              <value>
                <![CDATA[Test]]>
              </value>
            </param>
          </params>
          <reporter-output>
          </reporter-output>
        </test-method> <!-- PassengerDetails -->
        <test-method status="PASS" signature="quitAll()[pri:6, instance:testCases.Tc_DataFromEXCEL@5622fdf]" name="quitAll" duration-ms="725" started-at="2019-03-23T10:36:53Z" finished-at="2019-03-23T10:36:53Z">
          <reporter-output>
          </reporter-output>
        </test-method> <!-- quitAll -->
      </class> <!-- testCases.Tc_DataFromEXCEL -->
    </test> <!-- Test -->
    <test name="Test1" duration-ms="16035" started-at="2019-03-23T05:06:53Z" finished-at="2019-03-23T05:07:10Z">
      <class name="testCases.TC_01_BrowserLooadTest">
        <test-method status="PASS" signature="LoadBrwser()[pri:0, instance:testCases.TC_01_BrowserLooadTest@6fd02e5]" name="LoadBrwser" duration-ms="9492" started-at="2019-03-23T10:36:54Z" finished-at="2019-03-23T10:37:03Z">
          <reporter-output>
          </reporter-output>
        </test-method> <!-- LoadBrwser -->
        <test-method status="PASS" signature="LoginProcess()[pri:1, instance:testCases.TC_01_BrowserLooadTest@6fd02e5]" name="LoginProcess" duration-ms="4517" started-at="2019-03-23T10:37:03Z" finished-at="2019-03-23T10:37:08Z">
          <reporter-output>
          </reporter-output>
        </test-method> <!-- LoginProcess -->
        <test-method status="PASS" signature="Flight_Finding()[pri:2, instance:testCases.TC_01_BrowserLooadTest@6fd02e5]" name="Flight_Finding" duration-ms="2009" started-at="2019-03-23T10:37:08Z" finished-at="2019-03-23T10:37:10Z">
          <reporter-output>
          </reporter-output>
        </test-method> <!-- Flight_Finding -->
      </class> <!-- testCases.TC_01_BrowserLooadTest -->
    </test> <!-- Test1 -->
  </suite> <!-- Suite -->
</testng-results>
